<?xml version="1.0" encoding="UTF-8"?>
<testng-results ignored="0" total="1" passed="1" failed="0" skipped="0">
  <reporter-output>
  </reporter-output>
  <suite started-at="2024-04-28T23:00:47 IST" name="Default suite" finished-at="2024-04-28T23:01:25 IST" duration-ms="37945">
    <groups>
    </groups>
    <test started-at="2024-04-28T23:00:47 IST" name="Default test" finished-at="2024-04-28T23:01:25 IST" duration-ms="37945">
      <class name="testpkg.SaucedemoTest">
        <test-method is-config="true" signature="setUp()[pri:0, instance:testpkg.SaucedemoTest@55a147cc]" started-at="2024-04-28T23:00:47 IST" name="setUp" finished-at="2024-04-28T23:01:04 IST" duration-ms="17258" status="PASS">
          <reporter-output>
          </reporter-output>
        </test-method> <!-- setUp -->
        <test-method signature="saucedemoTest()[pri:0, instance:testpkg.SaucedemoTest@55a147cc]" started-at="2024-04-28T23:01:04 IST" name="saucedemoTest" finished-at="2024-04-28T23:01:25 IST" duration-ms="20623" status="PASS">
          <reporter-output>
          </reporter-output>
        </test-method> <!-- saucedemoTest -->
      </class> <!-- testpkg.SaucedemoTest -->
    </test> <!-- Default test -->
  </suite> <!-- Default suite -->
</testng-results>
